  a.cpp
E:\Documents\Visual Studio 2019\Projects\a\a\a.cpp(13): warning C4244: аргумент: преобразование "ll" в "const unsigned int", возможна потеря данных
E:\Documents\Visual Studio 2019\Projects\a\a\a.cpp(18): warning C4244: аргумент: преобразование "ll" в "const unsigned int", возможна потеря данных
E:\Documents\Visual Studio 2019\Projects\a\a\a.cpp(25): warning C4244: аргумент: преобразование "ll" в "const unsigned int", возможна потеря данных
E:\Documents\Visual Studio 2019\Projects\a\a\a.cpp(32): warning C4244: аргумент: преобразование "ll" в "const unsigned int", возможна потеря данных
E:\Documents\Visual Studio 2019\Projects\a\a\a.cpp(33): warning C4244: аргумент: преобразование "ll" в "const unsigned int", возможна потеря данных
E:\Documents\Visual Studio 2019\Projects\a\a\a.cpp(34): warning C4244: аргумент: преобразование "ll" в "const unsigned int", возможна потеря данных
E:\Documents\Visual Studio 2019\Projects\a\a\a.cpp(35): warning C4244: аргумент: преобразование "ll" в "const unsigned int", возможна потеря данных
E:\Documents\Visual Studio 2019\Projects\a\a\a.cpp(41): warning C4244: аргумент: преобразование "ll" в "const unsigned int", возможна потеря данных
E:\Documents\Visual Studio 2019\Projects\a\a\a.cpp(43): warning C4244: аргумент: преобразование "ll" в "const unsigned int", возможна потеря данных
E:\Documents\Visual Studio 2019\Projects\a\a\a.cpp(44): warning C4244: аргумент: преобразование "ll" в "const unsigned int", возможна потеря данных
E:\Documents\Visual Studio 2019\Projects\a\a\a.cpp(45): warning C4244: аргумент: преобразование "ll" в "const unsigned int", возможна потеря данных
E:\Documents\Visual Studio 2019\Projects\a\a\a.cpp(46): warning C4244: аргумент: преобразование "ll" в "const unsigned int", возможна потеря данных
E:\Documents\Visual Studio 2019\Projects\a\a\a.cpp(47): warning C4244: аргумент: преобразование "ll" в "const unsigned int", возможна потеря данных
  Создание кода
  36 of 54 functions (66.7%) were compiled, the rest were copied from previous compilation.
    34 functions were new in current compilation
    1 functions had inline decision re-evaluated but remain unchanged
  Создание кода завершено
  a.vcxproj -> E:\Documents\Visual Studio 2019\Projects\a\Release\a.exe
